<?xml version="1.0" encoding="UTF-8"?>
<!-- Generated by org.testng.reporters.JUnitXMLReporter -->
<testsuite hostname="B107DCOK" ignored="0" name="Runner1" tests="3" failures="0" timestamp="23 Aug 2018 13:13:00 GMT" time="22.355" errors="0">
  <testcase name="feature" time="2.992" classname="cucumber.api.testng.AbstractTestNGCucumberTests"/>
  <testcase name="feature" time="2.058" classname="cucumber.api.testng.AbstractTestNGCucumberTests"/>
  <testcase name="feature" time="1.881" classname="cucumber.api.testng.AbstractTestNGCucumberTests"/>
</testsuite> <!-- Runner1 -->
